<?xml version="1.0" encoding="UTF-8"?>
<!-- Generated by org.testng.reporters.JUnitReportReporter -->
<testsuite hostname="LAPTOP-92EUTB0V" failures="0" tests="1" name="com.Amazon.TestCases.LoginPageTestcase" time="0.834" errors="0" timestamp="2024-07-20T23:37:52 IST" skipped="0">
  <testcase classname="com.Amazon.TestCases.LoginPageTestcase" name="ValidateLogin" time="0.834"/>
  <system-out/>
</testsuite> <!-- com.Amazon.TestCases.LoginPageTestcase -->
