<?xml version="1.0" encoding="UTF-8"?>
<!-- Generated by org.testng.reporters.JUnitReportReporter -->
<testsuite hostname="LAPTOP-92EUTB0V" failures="0" tests="1" name="com.Amazon.TestCases.LoginPageTestcase" time="1.065" errors="0" timestamp="2024-07-21T21:10:54 IST" skipped="0">
  <testcase classname="com.Amazon.TestCases.LoginPageTestcase" name="ValidateLogin" time="1.065"/>
  <system-out/>
</testsuite> <!-- com.Amazon.TestCases.LoginPageTestcase -->
