<?xml version="1.0" encoding="UTF-8"?>
<!-- Generated by org.testng.reporters.JUnitReportReporter -->
<testsuite hostname="LAPTOP-92EUTB0V" failures="0" tests="3" name="com.Amazon.TestCases.HomePageTestCase" time="1.496" errors="0" timestamp="2024-07-21T21:33:16 IST" skipped="0">
  <testcase classname="com.Amazon.TestCases.HomePageTestCase" name="verifyUrl" time="0.020"/>
  <system-out/>
  <testcase classname="com.Amazon.TestCases.HomePageTestCase" name="verifyTitle" time="0.031"/>
  <system-out/>
  <testcase classname="com.Amazon.TestCases.HomePageTestCase" name="verifySigninLink" time="1.445"/>
  <system-out/>
</testsuite> <!-- com.Amazon.TestCases.HomePageTestCase -->
