<?xml version="1.0" encoding="UTF-8"?>
<!-- Generated by org.testng.reporters.JUnitReportReporter -->
<testsuite hostname="LAPTOP-92EUTB0V" failures="0" tests="3" name="SeleniunGrid.ParallelTest" time="77.684" errors="0" timestamp="2024-07-22T01:19:40 IST" skipped="0">
  <testcase classname="SeleniunGrid.ParallelTest" name="crossBrowserTest" time="26.751"/>
  <system-out/>
  <testcase classname="SeleniunGrid.ParallelTest" name="crossBrowserTest" time="24.768"/>
  <system-out/>
  <testcase classname="SeleniunGrid.ParallelTest" name="crossBrowserTest" time="26.165"/>
  <system-out/>
</testsuite> <!-- SeleniunGrid.ParallelTest -->
