<?xml version="1.0" encoding="UTF-8"?>
<!-- Generated by org.testng.reporters.JUnitReportReporter -->
<testsuite hostname="LAPTOP-92EUTB0V" failures="0" tests="3" name="com.Amazon.TestCases.HomePageTestCase" time="1.382" errors="0" timestamp="2024-07-21T00:08:43 IST" skipped="0">
  <testcase classname="com.Amazon.TestCases.HomePageTestCase" name="verifyUrl" time="0.028"/>
  <system-out/>
  <testcase classname="com.Amazon.TestCases.HomePageTestCase" name="verifyTitle" time="0.026"/>
  <system-out/>
  <testcase classname="com.Amazon.TestCases.HomePageTestCase" name="verifySigninLink" time="1.328"/>
  <system-out/>
</testsuite> <!-- com.Amazon.TestCases.HomePageTestCase -->
