<?xml version="1.0" encoding="UTF-8"?>
<!-- Generated by org.testng.reporters.JUnitReportReporter -->
<testsuite hostname="LAPTOP-92EUTB0V" failures="0" tests="1" name="com.Amazon.TestCases.LoginPageTestcase" time="1.069" errors="0" timestamp="2024-07-21T00:08:43 IST" skipped="0">
  <testcase classname="com.Amazon.TestCases.LoginPageTestcase" name="ValidateLogin" time="1.069"/>
  <system-out/>
</testsuite> <!-- com.Amazon.TestCases.LoginPageTestcase -->
